<?xml version="1.0" encoding="UTF-8"?>
<testsuite name="com.moviego.MoviegoApplicationTests" tests="1" skipped="0" failures="0" errors="0" timestamp="2025-11-26T07:50:09.336Z" hostname="그램87" time="0.448">
  <properties/>
  <testcase name="contextLoads()" classname="com.moviego.MoviegoApplicationTests" time="0.448"/>
  <system-out><![CDATA[16:49:58.297 [Test worker] INFO org.springframework.test.context.support.AnnotationConfigContextLoaderUtils -- Could not detect default configuration classes for test class [com.moviego.MoviegoApplicationTests]: MoviegoApplicationTests does not declare any static, non-private, non-final, nested classes annotated with @Configuration.
16:49:58.521 [Test worker] INFO org.springframework.boot.test.context.SpringBootTestContextBootstrapper -- Found @SpringBootConfiguration com.moviego.MoviegoApplication for test class com.moviego.MoviegoApplicationTests

  .   ____          _            __ _ _
 /\\ / ___'_ __ _ _(_)_ __  __ _ \ \ \ \
( ( )\___ | '_ | '_| | '_ \/ _` | \ \ \ \
 \\/  ___)| |_)| | | | | || (_| |  ) ) ) )
  '  |____| .__|_| |_|_| |_\__, | / / / /
 =========|_|==============|___/=/_/_/_/

 :: Spring Boot ::                (v3.5.7)

2025-11-26 16:49:59 - Starting MoviegoApplicationTests using Java 21.0.5 with PID 20524 (started by dksxl in C:\Study\back\moviego)
2025-11-26 16:49:59 - Running with Spring Boot v3.5.7, Spring v6.2.12
2025-11-26 16:49:59 - No active profile set, falling back to 1 default profile: "default"
2025-11-26 16:50:00 - Bootstrapping Spring Data JPA repositories in DEFAULT mode.
2025-11-26 16:50:00 - Finished Spring Data repository scanning in 80 ms. Found 1 JPA repository interface.
2025-11-26 16:50:01 - HHH000204: Processing PersistenceUnitInfo [name: default]
2025-11-26 16:50:01 - HHH000412: Hibernate ORM core version 6.6.33.Final
2025-11-26 16:50:01 - HHH000026: Second-level cache disabled
2025-11-26 16:50:02 - No LoadTimeWeaver setup: ignoring JPA class transformer
2025-11-26 16:50:02 - HikariPool-1 - Starting...
2025-11-26 16:50:02 - HikariPool-1 - Added connection com.mysql.cj.jdbc.ConnectionImpl@dbda472
2025-11-26 16:50:02 - HikariPool-1 - Start completed.
2025-11-26 16:50:02 - HHH90000025: MySQL8Dialect does not need to be specified explicitly using 'hibernate.dialect' (remove the property setting and it will be selected by default)
2025-11-26 16:50:02 - HHH90000026: MySQL8Dialect has been deprecated; use org.hibernate.dialect.MySQLDialect instead
2025-11-26 16:50:02 - HHH10001005: Database info:
	Database JDBC URL [Connecting through datasource 'HikariDataSource (HikariPool-1)']
	Database driver: undefined/unknown
	Database version: 8.0
	Autocommit mode: undefined/unknown
	Isolation level: undefined/unknown
	Minimum pool size: undefined/unknown
	Maximum pool size: undefined/unknown
2025-11-26 16:50:04 - HHH000489: No JTA platform available (set 'hibernate.transaction.jta.platform' to enable JTA platform integration)
2025-11-26 16:50:04 - 
    alter table bookings 
       drop 
       foreign key FKtqtx3yjxkv75wle1o2hv4i62v
2025-11-26 16:50:04 - 
    alter table bookings 
       drop 
       foreign key FKeyog2oic85xg7hsu2je2lx3s6
2025-11-26 16:50:04 - 
    alter table booking_seats 
       drop 
       foreign key FKmbi9ciapn0nvat63t0a8tv478
2025-11-26 16:50:04 - 
    alter table booking_seats 
       drop 
       foreign key FKdw5whg4ugtpi607kvi0pjw4wi
2025-11-26 16:50:04 - 
    alter table booking_seats 
       drop 
       foreign key FKm2vak166qv8osqwe5qcxsn1p
2025-11-26 16:50:04 - 
    alter table movie_genre 
       drop 
       foreign key FK3pdaf1ai9eafeypc7qe401l07
2025-11-26 16:50:04 - 
    alter table movie_genre 
       drop 
       foreign key FKg7f38h6umffo51no9ywq91438
2025-11-26 16:50:04 - 
    alter table payments 
       drop 
       foreign key FKc52o2b1jkxttngufqp3t7jr3h
2025-11-26 16:50:04 - 
    alter table screenings 
       drop 
       foreign key FKrnko8743nv2o7jd7ix2wtcyf
2025-11-26 16:50:04 - 
    alter table screenings 
       drop 
       foreign key FKf6fo4hl3jo8ee0wnpaku2ofoe
2025-11-26 16:50:04 - 
    alter table seat_reservations 
       drop 
       foreign key FKlwej2kar2l2vthk7mg8afdsv
2025-11-26 16:50:04 - 
    alter table seat_reservations 
       drop 
       foreign key FKhg5s84m2jejuvogxfqyyqxhw7
2025-11-26 16:50:04 - 
    alter table seat_reservations 
       drop 
       foreign key FKmomew4txn1r80s417wa8sf4jn
2025-11-26 16:50:04 - 
    alter table seats 
       drop 
       foreign key FKmsuixaajp1jcew6m7ytikuhco
2025-11-26 16:50:04 - 
    alter table social_accounts 
       drop 
       foreign key FK6rmxxiton5yuvu7ph2hcq2xn7
2025-11-26 16:50:04 - 
    alter table user_preferences 
       drop 
       foreign key FKq8e1eclsoq8wvh0h4lew69a2d
2025-11-26 16:50:04 - 
    alter table user_preferences 
       drop 
       foreign key FKepakpib0qnm82vmaiismkqf88
2025-11-26 16:50:04 - 
    drop table if exists bookings
2025-11-26 16:50:04 - 
    drop table if exists booking_seats
2025-11-26 16:50:04 - 
    drop table if exists genres
2025-11-26 16:50:04 - 
    drop table if exists movie_genre
2025-11-26 16:50:04 - 
    drop table if exists movies
2025-11-26 16:50:04 - 
    drop table if exists payments
2025-11-26 16:50:04 - 
    drop table if exists screenings
2025-11-26 16:50:04 - 
    drop table if exists seat_reservations
2025-11-26 16:50:04 - 
    drop table if exists seats
2025-11-26 16:50:05 - 
    drop table if exists social_accounts
2025-11-26 16:50:05 - 
    drop table if exists theaters
2025-11-26 16:50:05 - 
    drop table if exists user_preferences
2025-11-26 16:50:05 - 
    drop table if exists users
2025-11-26 16:50:05 - 
    create table bookings (
        total_price integer not null,
        booked_at datetime(6) not null,
        booking_id bigint not null auto_increment,
        cancelled_at datetime(6),
        created_at datetime(6) not null,
        screening_id bigint not null,
        updated_at datetime(6) not null,
        user_id bigint not null,
        booking_number varchar(255) not null,
        booking_status enum ('CANCELLED','CONFIRMED','PENDING'),
        primary key (booking_id)
    ) engine=InnoDB
2025-11-26 16:50:05 - 
    create table booking_seats (
        seat_price integer not null,
        booking_id bigint not null,
        booking_seat_id bigint not null auto_increment,
        created_at datetime(6) not null,
        screening_id bigint not null,
        seat_id bigint not null,
        updated_at datetime(6) not null,
        primary key (booking_seat_id)
    ) engine=InnoDB
2025-11-26 16:50:05 - 
    create table genres (
        created_at datetime(6) not null,
        genre_id bigint not null auto_increment,
        updated_at datetime(6) not null,
        genre_name varchar(50) not null,
        primary key (genre_id)
    ) engine=InnoDB
2025-11-26 16:50:05 - 
    create table movie_genre (
        created_at datetime(6) not null,
        genre_id bigint not null,
        movie_genre_id bigint not null auto_increment,
        movie_id bigint not null,
        updated_at datetime(6) not null,
        primary key (movie_genre_id)
    ) engine=InnoDB
2025-11-26 16:50:05 - 
    create table movies (
        duration integer not null,
        is_showing bit not null,
        release_date date not null,
        created_at datetime(6) not null,
        movie_id bigint not null auto_increment,
        updated_at datetime(6) not null,
        title varchar(200) not null,
        poster_url varchar(500),
        description longtext,
        rating enum ('ALL','_12','_15','_18'),
        primary key (movie_id)
    ) engine=InnoDB
2025-11-26 16:50:05 - 
    create table payments (
        amount integer not null,
        booking_id bigint not null,
        created_at datetime(6) not null,
        paid_at datetime(6) not null,
        payment_id bigint not null auto_increment,
        refund_at datetime(6),
        updated_at datetime(6) not null,
        pg_transaction_id varchar(100),
        payment_method enum ('CARD','CASH'),
        payment_status enum ('COMPLETED','FAILED','PENDING','REFUNDED'),
        primary key (payment_id)
    ) engine=InnoDB
2025-11-26 16:50:05 - 
    create table screenings (
        base_price integer not null,
        end_time time(6) not null,
        start_time time(6) not null,
        total_seats integer not null,
        created_at datetime(6) not null,
        movie_id bigint not null,
        screening_date datetime(6) not null,
        screening_id bigint not null auto_increment,
        theater_id bigint not null,
        updated_at datetime(6) not null,
        primary key (screening_id)
    ) engine=InnoDB
2025-11-26 16:50:05 - 
    create table seat_reservations (
        created_at datetime(6) not null,
        expires_at datetime(6),
        reservation_id bigint not null auto_increment,
        reserved_at datetime(6) not null,
        screening_id bigint not null,
        seat_id bigint not null,
        updated_at datetime(6) not null,
        user_id bigint not null,
        primary key (reservation_id)
    ) engine=InnoDB
2025-11-26 16:50:05 - 
    create table seats (
        price_adjustment integer not null,
        seat_number integer not null,
        seat_row varchar(2) not null,
        created_at datetime(6) not null,
        seat_id bigint not null auto_increment,
        theater_id bigint not null,
        updated_at datetime(6) not null,
        seat_type enum ('NOMAL','VIP'),
        primary key (seat_id)
    ) engine=InnoDB
2025-11-26 16:50:05 - 
    create table social_accounts (
        created_at datetime(6) not null,
        social_id bigint not null auto_increment,
        updated_at datetime(6) not null,
        user_id bigint not null,
        access_token varchar(100),
        provider_user_id varchar(100) not null,
        refresh_token varchar(100),
        provider enum ('GOOGLE','KAKAO','NAVER'),
        primary key (social_id)
    ) engine=InnoDB
2025-11-26 16:50:05 - 
    create table theaters (
        created_at datetime(6) not null,
        theater_id bigint not null auto_increment,
        updated_at datetime(6) not null,
        region varchar(50) not null,
        total_seats varchar(50) not null,
        name varchar(100) not null,
        screen_type enum ('IMAX','_2D','_3D'),
        primary key (theater_id)
    ) engine=InnoDB
2025-11-26 16:50:05 - 
    create table user_preferences (
        created_at datetime(6) not null,
        genre_id bigint not null,
        preference_id bigint not null auto_increment,
        updated_at datetime(6) not null,
        user_id bigint not null,
        primary key (preference_id)
    ) engine=InnoDB
2025-11-26 16:50:05 - 
    create table users (
        birth_date date not null,
        created_at datetime(6) not null,
        updated_at datetime(6) not null,
        user_id bigint not null auto_increment,
        name varchar(50) not null,
        email varchar(100) not null,
        password varchar(255),
        role enum ('ADMIN','USER'),
        status enum ('ACTIVE','DELETED'),
        primary key (user_id)
    ) engine=InnoDB
2025-11-26 16:50:05 - 
    alter table users 
       add constraint UK6dotkott2kjsp8vw4d0m25fb7 unique (email)
2025-11-26 16:50:05 - 
    alter table bookings 
       add constraint FKtqtx3yjxkv75wle1o2hv4i62v 
       foreign key (screening_id) 
       references screenings (screening_id)
2025-11-26 16:50:05 - 
    alter table bookings 
       add constraint FKeyog2oic85xg7hsu2je2lx3s6 
       foreign key (user_id) 
       references users (user_id)
2025-11-26 16:50:05 - 
    alter table booking_seats 
       add constraint FKmbi9ciapn0nvat63t0a8tv478 
       foreign key (booking_id) 
       references bookings (booking_id)
2025-11-26 16:50:05 - 
    alter table booking_seats 
       add constraint FKdw5whg4ugtpi607kvi0pjw4wi 
       foreign key (screening_id) 
       references screenings (screening_id)
2025-11-26 16:50:05 - 
    alter table booking_seats 
       add constraint FKm2vak166qv8osqwe5qcxsn1p 
       foreign key (seat_id) 
       references seats (seat_id)
2025-11-26 16:50:05 - 
    alter table movie_genre 
       add constraint FK3pdaf1ai9eafeypc7qe401l07 
       foreign key (genre_id) 
       references genres (genre_id)
2025-11-26 16:50:06 - 
    alter table movie_genre 
       add constraint FKg7f38h6umffo51no9ywq91438 
       foreign key (movie_id) 
       references movies (movie_id)
2025-11-26 16:50:06 - 
    alter table payments 
       add constraint FKc52o2b1jkxttngufqp3t7jr3h 
       foreign key (booking_id) 
       references bookings (booking_id)
2025-11-26 16:50:06 - 
    alter table screenings 
       add constraint FKrnko8743nv2o7jd7ix2wtcyf 
       foreign key (movie_id) 
       references movies (movie_id)
2025-11-26 16:50:06 - 
    alter table screenings 
       add constraint FKf6fo4hl3jo8ee0wnpaku2ofoe 
       foreign key (theater_id) 
       references theaters (theater_id)
2025-11-26 16:50:06 - 
    alter table seat_reservations 
       add constraint FKlwej2kar2l2vthk7mg8afdsv 
       foreign key (screening_id) 
       references screenings (screening_id)
2025-11-26 16:50:06 - 
    alter table seat_reservations 
       add constraint FKhg5s84m2jejuvogxfqyyqxhw7 
       foreign key (seat_id) 
       references seats (seat_id)
2025-11-26 16:50:06 - 
    alter table seat_reservations 
       add constraint FKmomew4txn1r80s417wa8sf4jn 
       foreign key (user_id) 
       references users (user_id)
2025-11-26 16:50:06 - 
    alter table seats 
       add constraint FKmsuixaajp1jcew6m7ytikuhco 
       foreign key (theater_id) 
       references theaters (theater_id)
2025-11-26 16:50:06 - 
    alter table social_accounts 
       add constraint FK6rmxxiton5yuvu7ph2hcq2xn7 
       foreign key (user_id) 
       references users (user_id)
2025-11-26 16:50:06 - 
    alter table user_preferences 
       add constraint FKq8e1eclsoq8wvh0h4lew69a2d 
       foreign key (genre_id) 
       references genres (genre_id)
2025-11-26 16:50:07 - 
    alter table user_preferences 
       add constraint FKepakpib0qnm82vmaiismkqf88 
       foreign key (user_id) 
       references users (user_id)
2025-11-26 16:50:07 - Initialized JPA EntityManagerFactory for persistence unit 'default'
2025-11-26 16:50:07 - spring.jpa.open-in-view is enabled by default. Therefore, database queries may be performed during view rendering. Explicitly configure spring.jpa.open-in-view to disable this warning
2025-11-26 16:50:08 - 

Using generated security password: 2cb58fa1-61fd-4812-9e80-539d934836f1

This generated password is for development use only. Your security configuration must be updated before running your application in production.

2025-11-26 16:50:08 - Global AuthenticationManager configured with UserDetailsService bean with name inMemoryUserDetailsManager
2025-11-26 16:50:08 - Will secure any request with filters: DisableEncodeUrlFilter, WebAsyncManagerIntegrationFilter, SecurityContextHolderFilter, HeaderWriterFilter, LogoutFilter, RequestCacheAwareFilter, SecurityContextHolderAwareRequestFilter, AnonymousAuthenticationFilter, ExceptionTranslationFilter, AuthorizationFilter
2025-11-26 16:50:09 - Started MoviegoApplicationTests in 10.577 seconds (process running for 12.446)
]]></system-out>
  <system-err><![CDATA[Mockito is currently self-attaching to enable the inline-mock-maker. This will no longer work in future releases of the JDK. Please add Mockito as an agent to your build as described in Mockito's documentation: https://javadoc.io/doc/org.mockito/mockito-core/latest/org.mockito/org/mockito/Mockito.html#0.3
WARNING: A Java agent has been loaded dynamically (C:\Users\dksxl\gradle-8.14.3\caches\modules-2\files-2.1\net.bytebuddy\byte-buddy-agent\1.17.8\f09415827a71be7ed621c7bd02550678f28bc81c\byte-buddy-agent-1.17.8.jar)
WARNING: If a serviceability tool is in use, please run with -XX:+EnableDynamicAgentLoading to hide this warning
WARNING: If a serviceability tool is not in use, please run with -Djdk.instrument.traceUsage for more information
WARNING: Dynamic loading of agents will be disallowed by default in a future release
]]></system-err>
</testsuite>
